<?xml version="1.0" encoding="UTF-8"?>
<!-- Generated by org.testng.reporters.JUnitXMLReporter -->
<testsuite hostname="Admin-PC" ignored="0" name="Default test" tests="3" failures="0" timestamp="30 Dec 2017 18:53:34 GMT" time="59.199" errors="0">
  <testcase name="loginPageTitleTest" time="0.115" classname="com.crm.qa.testcases.LoginPageTest"/>
  <testcase name="crmImageTest" time="0.206" classname="com.crm.qa.testcases.LoginPageTest"/>
  <testcase name="loginTest" time="9.435" classname="com.crm.qa.testcases.LoginPageTest"/>
</testsuite> <!-- Default test -->
