<?xml version="1.0" encoding="UTF-8"?>
<testng-results skipped="0" failed="0" ignored="0" total="3" passed="3">
  <reporter-output>
  </reporter-output>
  <suite name="Default suite" duration-ms="59199" started-at="2017-12-30T18:52:35Z" finished-at="2017-12-30T18:53:34Z">
    <groups>
    </groups>
    <test name="Default test" duration-ms="59199" started-at="2017-12-30T18:52:35Z" finished-at="2017-12-30T18:53:34Z">
      <class name="com.crm.qa.testcases.LoginPageTest">
        <test-method status="PASS" signature="SetUp()[pri:0, instance:com.crm.qa.testcases.LoginPageTest@204f30ec]" name="SetUp" is-config="true" duration-ms="15252" started-at="2017-12-31T00:22:35Z" finished-at="2017-12-31T00:22:50Z">
          <reporter-output>
          </reporter-output>
        </test-method> <!-- SetUp -->
        <test-method status="PASS" signature="loginPageTitleTest()[pri:1, instance:com.crm.qa.testcases.LoginPageTest@204f30ec]" name="loginPageTitleTest" duration-ms="115" started-at="2017-12-31T00:22:50Z" finished-at="2017-12-31T00:22:50Z">
          <reporter-output>
          </reporter-output>
        </test-method> <!-- loginPageTitleTest -->
        <test-method status="PASS" signature="teardown()[pri:0, instance:com.crm.qa.testcases.LoginPageTest@204f30ec]" name="teardown" is-config="true" duration-ms="12402" started-at="2017-12-31T00:22:50Z" finished-at="2017-12-31T00:23:03Z">
          <reporter-output>
          </reporter-output>
        </test-method> <!-- teardown -->
        <test-method status="PASS" signature="SetUp()[pri:0, instance:com.crm.qa.testcases.LoginPageTest@204f30ec]" name="SetUp" is-config="true" duration-ms="9037" started-at="2017-12-31T00:23:03Z" finished-at="2017-12-31T00:23:12Z">
          <reporter-output>
          </reporter-output>
        </test-method> <!-- SetUp -->
        <test-method status="PASS" signature="crmImageTest()[pri:2, instance:com.crm.qa.testcases.LoginPageTest@204f30ec]" name="crmImageTest" duration-ms="206" started-at="2017-12-31T00:23:12Z" finished-at="2017-12-31T00:23:12Z">
          <reporter-output>
          </reporter-output>
        </test-method> <!-- crmImageTest -->
        <test-method status="PASS" signature="teardown()[pri:0, instance:com.crm.qa.testcases.LoginPageTest@204f30ec]" name="teardown" is-config="true" duration-ms="1314" started-at="2017-12-31T00:23:12Z" finished-at="2017-12-31T00:23:13Z">
          <reporter-output>
          </reporter-output>
        </test-method> <!-- teardown -->
        <test-method status="PASS" signature="SetUp()[pri:0, instance:com.crm.qa.testcases.LoginPageTest@204f30ec]" name="SetUp" is-config="true" duration-ms="9874" started-at="2017-12-31T00:23:13Z" finished-at="2017-12-31T00:23:23Z">
          <reporter-output>
          </reporter-output>
        </test-method> <!-- SetUp -->
        <test-method status="PASS" signature="loginTest()[pri:3, instance:com.crm.qa.testcases.LoginPageTest@204f30ec]" name="loginTest" duration-ms="9435" started-at="2017-12-31T00:23:23Z" finished-at="2017-12-31T00:23:33Z">
          <reporter-output>
          </reporter-output>
        </test-method> <!-- loginTest -->
        <test-method status="PASS" signature="teardown()[pri:0, instance:com.crm.qa.testcases.LoginPageTest@204f30ec]" name="teardown" is-config="true" duration-ms="1503" started-at="2017-12-31T00:23:33Z" finished-at="2017-12-31T00:23:34Z">
          <reporter-output>
          </reporter-output>
        </test-method> <!-- teardown -->
      </class> <!-- com.crm.qa.testcases.LoginPageTest -->
    </test> <!-- Default test -->
  </suite> <!-- Default suite -->
</testng-results>
